# JRE version: OpenJDK Runtime Environment (17.0.6) (build 17.0.6+0-b2043.56-9586694)
# Java VM: OpenJDK 64-Bit Server VM (17.0.6+0-b2043.56-9586694, mixed mode, tiered, compressed oops, compressed class ptrs, g1 gc, windows-amd64)
GC Precious Log:
 CPUs: 4 total, 4 available
 Memory: 16065M
 Large Page Support: Disabled
 NUMA Support: Disabled
 Compressed Oops: Enabled (32-bit)
 Heap Region Size: 1M
 Heap Min Capacity: 8M
 Heap Initial Capacity: 252M
 Heap Max Capacity: 1536M
 Pre-touch: Disabled
 Parallel Workers: 4
 Concurrent Workers: 1
 Concurrent Refinement Workers: 4
 Periodic GC: Disabled
Heap:
 garbage-first heap   total 319488K, used 240640K [0x00000000a0000000, 0x0000000100000000)
  region size 1024K, 31 young (31744K), 8 survivors (8192K)
 Metaspace       used 105643K, committed 107136K, reserved 1146880K
  class space    used 14119K, committed 14784K, reserved 1048576K
GC Heap History (20 events):
Event: 46.059 GC heap before
{Heap before GC invocations=66 (full 0):
 garbage-first heap   total 205824K, used 180215K [0x00000000a0000000, 0x0000000100000000)
  region size 1024K, 10 young (10240K), 2 survivors (2048K)
 Metaspace       used 95798K, committed 97024K, reserved 1138688K
  class space    used 13003K, committed 13504K, reserved 1048576K
}
Event: 46.072 GC heap after
{Heap after GC invocations=67 (full 0):
 garbage-first heap   total 205824K, used 175406K [0x00000000a0000000, 0x0000000100000000)
  region size 1024K, 2 young (2048K), 2 survivors (2048K)
 Metaspace       used 95798K, committed 97024K, reserved 1138688K
  class space    used 13003K, committed 13504K, reserved 1048576K
}
Event: 46.338 GC heap before
{Heap before GC invocations=67 (full 0):
 garbage-first heap   total 205824K, used 183598K [0x00000000a0000000, 0x0000000100000000)
  region size 1024K, 10 young (10240K), 2 survivors (2048K)
 Metaspace       used 95998K, committed 97216K, reserved 1138688K
  class space    used 13030K, committed 13568K, reserved 1048576K
}
Event: 46.348 GC heap after
{Heap after GC invocations=68 (full 0):
 garbage-first heap   total 205824K, used 176860K [0x00000000a0000000, 0x0000000100000000)
  region size 1024K, 2 young (2048K), 2 survivors (2048K)
 Metaspace       used 95998K, committed 97216K, reserved 1138688K
  class space    used 13030K, committed 13568K, reserved 1048576K
}
Event: 46.815 GC heap before
{Heap before GC invocations=68 (full 0):
 garbage-first heap   total 205824K, used 185052K [0x00000000a0000000, 0x0000000100000000)
  region size 1024K, 10 young (10240K), 2 survivors (2048K)
 Metaspace       used 96187K, committed 97472K, reserved 1138688K
  class space    used 13064K, committed 13632K, reserved 1048576K
}
Event: 46.823 GC heap after
{Heap after GC invocations=69 (full 0):
 garbage-first heap   total 253952K, used 178634K [0x00000000a0000000, 0x0000000100000000)
  region size 1024K, 2 young (2048K), 2 survivors (2048K)
 Metaspace       used 96187K, committed 97472K, reserved 1138688K
  class space    used 13064K, committed 13632K, reserved 1048576K
}
Event: 47.784 GC heap before
{Heap before GC invocations=70 (full 0):
 garbage-first heap   total 319488K, used 203210K [0x00000000a0000000, 0x0000000100000000)
  region size 1024K, 26 young (26624K), 2 survivors (2048K)
 Metaspace       used 96792K, committed 98176K, reserved 1138688K
  class space    used 13159K, committed 13760K, reserved 1048576K
}
Event: 47.798 GC heap after
{Heap after GC invocations=71 (full 0):
 garbage-first heap   total 319488K, used 182558K [0x00000000a0000000, 0x0000000100000000)
  region size 1024K, 4 young (4096K), 4 survivors (4096K)
 Metaspace       used 96792K, committed 98176K, reserved 1138688K
  class space    used 13159K, committed 13760K, reserved 1048576K
}
Event: 48.186 GC heap before
{Heap before GC invocations=71 (full 0):
 garbage-first heap   total 319488K, used 193822K [0x00000000a0000000, 0x0000000100000000)
  region size 1024K, 15 young (15360K), 4 survivors (4096K)
 Metaspace       used 97182K, committed 98560K, reserved 1138688K
  class space    used 13218K, committed 13824K, reserved 1048576K
}
Event: 48.203 GC heap after
{Heap after GC invocations=72 (full 0):
 garbage-first heap   total 319488K, used 182613K [0x00000000a0000000, 0x0000000100000000)
  region size 1024K, 2 young (2048K), 2 survivors (2048K)
 Metaspace       used 97182K, committed 98560K, reserved 1138688K
  class space    used 13218K, committed 13824K, reserved 1048576K
}
Event: 50.283 GC heap before
{Heap before GC invocations=72 (full 0):
 garbage-first heap   total 319488K, used 248149K [0x00000000a0000000, 0x0000000100000000)
  region size 1024K, 64 young (65536K), 2 survivors (2048K)
 Metaspace       used 100275K, committed 101696K, reserved 1138688K
  class space    used 13582K, committed 14208K, reserved 1048576K
}
Event: 50.298 GC heap after
{Heap after GC invocations=73 (full 0):
 garbage-first heap   total 319488K, used 190707K [0x00000000a0000000, 0x0000000100000000)
  region size 1024K, 8 young (8192K), 8 survivors (8192K)
 Metaspace       used 100275K, committed 101696K, reserved 1138688K
  class space    used 13582K, committed 14208K, reserved 1048576K
}
Event: 61.185 GC heap before
{Heap before GC invocations=73 (full 0):
 garbage-first heap   total 319488K, used 247027K [0x00000000a0000000, 0x0000000100000000)
  region size 1024K, 64 young (65536K), 8 survivors (8192K)
 Metaspace       used 101615K, committed 103040K, reserved 1138688K
  class space    used 13776K, committed 14400K, reserved 1048576K
}
Event: 61.200 GC heap after
{Heap after GC invocations=74 (full 0):
 garbage-first heap   total 319488K, used 193071K [0x00000000a0000000, 0x0000000100000000)
  region size 1024K, 3 young (3072K), 3 survivors (3072K)
 Metaspace       used 101615K, committed 103040K, reserved 1138688K
  class space    used 13776K, committed 14400K, reserved 1048576K
}
Event: 87.572 GC heap before
{Heap before GC invocations=74 (full 0):
 garbage-first heap   total 319488K, used 253487K [0x00000000a0000000, 0x0000000100000000)
  region size 1024K, 63 young (64512K), 3 survivors (3072K)
 Metaspace       used 105096K, committed 106560K, reserved 1146880K
  class space    used 14063K, committed 14720K, reserved 1048576K
}
Event: 87.583 GC heap after
{Heap after GC invocations=75 (full 0):
 garbage-first heap   total 319488K, used 196836K [0x00000000a0000000, 0x0000000100000000)
  region size 1024K, 6 young (6144K), 6 survivors (6144K)
 Metaspace       used 105096K, committed 106560K, reserved 1146880K
  class space    used 14063K, committed 14720K, reserved 1048576K
}
Event: 90.102 GC heap before
{Heap before GC invocations=75 (full 0):
 garbage-first heap   total 319488K, used 260324K [0x00000000a0000000, 0x0000000100000000)
  region size 1024K, 68 young (69632K), 6 survivors (6144K)
 Metaspace       used 105463K, committed 107008K, reserved 1146880K
  class space    used 14116K, committed 14784K, reserved 1048576K
}
Event: 90.130 GC heap after
{Heap after GC invocations=76 (full 0):
 garbage-first heap   total 319488K, used 207815K [0x00000000a0000000, 0x0000000100000000)
  region size 1024K, 9 young (9216K), 9 survivors (9216K)
 Metaspace       used 105463K, committed 107008K, reserved 1146880K
  class space    used 14116K, committed 14784K, reserved 1048576K
}
Event: 91.880 GC heap before
{Heap before GC invocations=76 (full 0):
 garbage-first heap   total 319488K, used 261063K [0x00000000a0000000, 0x0000000100000000)
  region size 1024K, 62 young (63488K), 9 survivors (9216K)
 Metaspace       used 105595K, committed 107136K, reserved 1146880K
  class space    used 14119K, committed 14784K, reserved 1048576K
}
Event: 91.912 GC heap after
{Heap after GC invocations=77 (full 0):
 garbage-first heap   total 319488K, used 218112K [0x00000000a0000000, 0x0000000100000000)
  region size 1024K, 8 young (8192K), 8 survivors (8192K)
 Metaspace       used 105595K, committed 107136K, reserved 1146880K
  class space    used 14119K, committed 14784K, reserved 1048576K
}

