# JRE version: OpenJDK Runtime Environment (17.0.6) (build 17.0.6+0-b2043.56-9586694)
# Java VM: OpenJDK 64-Bit Server VM (17.0.6+0-b2043.56-9586694, mixed mode, tiered, compressed oops, compressed class ptrs, g1 gc, windows-amd64)
GC Precious Log:
 CPUs: 4 total, 4 available
 Memory: 16065M
 Large Page Support: Disabled
 NUMA Support: Disabled
 Compressed Oops: Enabled (32-bit)
 Heap Region Size: 1M
 Heap Min Capacity: 8M
 Heap Initial Capacity: 252M
 Heap Max Capacity: 1536M
 Pre-touch: Disabled
 Parallel Workers: 4
 Concurrent Workers: 1
 Concurrent Refinement Workers: 4
 Periodic GC: Disabled
Heap:
 garbage-first heap   total 354304K, used 214528K [0x00000000a0000000, 0x0000000100000000)
  region size 1024K, 27 young (27648K), 5 survivors (5120K)
 Metaspace       used 101779K, committed 103232K, reserved 1138688K
  class space    used 13831K, committed 14464K, reserved 1048576K
GC Heap History (20 events):
Event: 30.587 GC heap before
{Heap before GC invocations=45 (full 0):
 garbage-first heap   total 183296K, used 112220K [0x00000000a0000000, 0x0000000100000000)
  region size 1024K, 7 young (7168K), 1 survivors (1024K)
 Metaspace       used 84851K, committed 85760K, reserved 1130496K
  class space    used 11452K, committed 11840K, reserved 1048576K
}
Event: 30.590 GC heap after
{Heap after GC invocations=46 (full 0):
 garbage-first heap   total 183296K, used 110943K [0x00000000a0000000, 0x0000000100000000)
  region size 1024K, 4 young (4096K), 4 survivors (4096K)
 Metaspace       used 84851K, committed 85760K, reserved 1130496K
  class space    used 11452K, committed 11840K, reserved 1048576K
}
Event: 31.673 GC heap before
{Heap before GC invocations=47 (full 0):
 garbage-first heap   total 208896K, used 144735K [0x00000000a0000000, 0x0000000100000000)
  region size 1024K, 34 young (34816K), 4 survivors (4096K)
 Metaspace       used 85070K, committed 86080K, reserved 1130496K
  class space    used 11483K, committed 11904K, reserved 1048576K
}
Event: 31.685 GC heap after
{Heap after GC invocations=48 (full 0):
 garbage-first heap   total 208896K, used 123213K [0x00000000a0000000, 0x0000000100000000)
  region size 1024K, 5 young (5120K), 5 survivors (5120K)
 Metaspace       used 85070K, committed 86080K, reserved 1130496K
  class space    used 11483K, committed 11904K, reserved 1048576K
}
Event: 32.018 GC heap before
{Heap before GC invocations=48 (full 0):
 garbage-first heap   total 208896K, used 128333K [0x00000000a0000000, 0x0000000100000000)
  region size 1024K, 10 young (10240K), 5 survivors (5120K)
 Metaspace       used 85146K, committed 86208K, reserved 1130496K
  class space    used 11498K, committed 11904K, reserved 1048576K
}
Event: 32.032 GC heap after
{Heap after GC invocations=49 (full 0):
 garbage-first heap   total 208896K, used 124928K [0x00000000a0000000, 0x0000000100000000)
  region size 1024K, 2 young (2048K), 2 survivors (2048K)
 Metaspace       used 85146K, committed 86208K, reserved 1130496K
  class space    used 11498K, committed 11904K, reserved 1048576K
}
Event: 33.020 GC heap before
{Heap before GC invocations=49 (full 0):
 garbage-first heap   total 208896K, used 158720K [0x00000000a0000000, 0x0000000100000000)
  region size 1024K, 35 young (35840K), 2 survivors (2048K)
 Metaspace       used 85568K, committed 86592K, reserved 1130496K
  class space    used 11559K, committed 11968K, reserved 1048576K
}
Event: 33.033 GC heap after
{Heap after GC invocations=50 (full 0):
 garbage-first heap   total 208896K, used 132096K [0x00000000a0000000, 0x0000000100000000)
  region size 1024K, 5 young (5120K), 5 survivors (5120K)
 Metaspace       used 85568K, committed 86592K, reserved 1130496K
  class space    used 11559K, committed 11968K, reserved 1048576K
}
Event: 34.026 GC heap before
{Heap before GC invocations=51 (full 0):
 garbage-first heap   total 235520K, used 161792K [0x00000000a0000000, 0x0000000100000000)
  region size 1024K, 35 young (35840K), 5 survivors (5120K)
 Metaspace       used 86202K, committed 87360K, reserved 1130496K
  class space    used 11650K, committed 12096K, reserved 1048576K
}
Event: 34.052 GC heap after
{Heap after GC invocations=52 (full 0):
 garbage-first heap   total 235520K, used 137585K [0x00000000a0000000, 0x0000000100000000)
  region size 1024K, 5 young (5120K), 5 survivors (5120K)
 Metaspace       used 86202K, committed 87360K, reserved 1130496K
  class space    used 11650K, committed 12096K, reserved 1048576K
}
Event: 34.193 GC heap before
{Heap before GC invocations=52 (full 0):
 garbage-first heap   total 235520K, used 143729K [0x00000000a0000000, 0x0000000100000000)
  region size 1024K, 11 young (11264K), 5 survivors (5120K)
 Metaspace       used 86207K, committed 87360K, reserved 1130496K
  class space    used 11650K, committed 12096K, reserved 1048576K
}
Event: 34.206 GC heap after
{Heap after GC invocations=53 (full 0):
 garbage-first heap   total 354304K, used 137919K [0x00000000a0000000, 0x0000000100000000)
  region size 1024K, 1 young (1024K), 1 survivors (1024K)
 Metaspace       used 86207K, committed 87360K, reserved 1130496K
  class space    used 11650K, committed 12096K, reserved 1048576K
}
Event: 37.424 GC heap before
{Heap before GC invocations=53 (full 0):
 garbage-first heap   total 354304K, used 233151K [0x00000000a0000000, 0x0000000100000000)
  region size 1024K, 94 young (96256K), 1 survivors (1024K)
 Metaspace       used 94091K, committed 95296K, reserved 1138688K
  class space    used 12796K, committed 13312K, reserved 1048576K
}
Event: 37.448 GC heap after
{Heap after GC invocations=54 (full 0):
 garbage-first heap   total 354304K, used 150528K [0x00000000a0000000, 0x0000000100000000)
  region size 1024K, 12 young (12288K), 12 survivors (12288K)
 Metaspace       used 94091K, committed 95296K, reserved 1138688K
  class space    used 12796K, committed 13312K, reserved 1048576K
}
Event: 40.420 GC heap before
{Heap before GC invocations=54 (full 0):
 garbage-first heap   total 354304K, used 250880K [0x00000000a0000000, 0x0000000100000000)
  region size 1024K, 110 young (112640K), 12 survivors (12288K)
 Metaspace       used 96342K, committed 97664K, reserved 1138688K
  class space    used 13085K, committed 13632K, reserved 1048576K
}
Event: 40.485 GC heap after
{Heap after GC invocations=55 (full 0):
 garbage-first heap   total 354304K, used 175254K [0x00000000a0000000, 0x0000000100000000)
  region size 1024K, 14 young (14336K), 14 survivors (14336K)
 Metaspace       used 96342K, committed 97664K, reserved 1138688K
  class space    used 13085K, committed 13632K, reserved 1048576K
}
Event: 42.889 GC heap before
{Heap before GC invocations=55 (full 0):
 garbage-first heap   total 354304K, used 259222K [0x00000000a0000000, 0x0000000100000000)
  region size 1024K, 94 young (96256K), 14 survivors (14336K)
 Metaspace       used 100257K, committed 101696K, reserved 1138688K
  class space    used 13579K, committed 14208K, reserved 1048576K
}
Event: 42.928 GC heap after
{Heap after GC invocations=56 (full 0):
 garbage-first heap   total 354304K, used 188928K [0x00000000a0000000, 0x0000000100000000)
  region size 1024K, 12 young (12288K), 12 survivors (12288K)
 Metaspace       used 100257K, committed 101696K, reserved 1138688K
  class space    used 13579K, committed 14208K, reserved 1048576K
}
Event: 85.696 GC heap before
{Heap before GC invocations=56 (full 0):
 garbage-first heap   total 354304K, used 268800K [0x00000000a0000000, 0x0000000100000000)
  region size 1024K, 89 young (91136K), 12 survivors (12288K)
 Metaspace       used 101346K, committed 102784K, reserved 1138688K
  class space    used 13753K, committed 14400K, reserved 1048576K
}
Event: 85.725 GC heap after
{Heap after GC invocations=57 (full 0):
 garbage-first heap   total 354304K, used 194048K [0x00000000a0000000, 0x0000000100000000)
  region size 1024K, 5 young (5120K), 5 survivors (5120K)
 Metaspace       used 101346K, committed 102784K, reserved 1138688K
  class space    used 13753K, committed 14400K, reserved 1048576K
}

